App is listening to 4567 port......
Hello, koa works.
{
  request: {
    method: 'POST',
    url: '/payload',
    header: {
      host: '290e-2409-8a55-803b-bc00-1cd7-e34d-a605-69c9.ap.ngrok.io',
      'user-agent': 'GitHub-Hookshot/3116550',
      'content-length': '7648',
      accept: '*/*',
      'content-type': 'application/json',
      'x-forwarded-for': '140.82.115.109',
    message: 'Not Found',
    header: [Object: null prototype] {}
  },
  app: { subdomainOffset: 2, proxy: false, env: 'development' },
  originalUrl: '/payload',
  req: '<original node req>',
  res: '<original node res>',
  socket: '<original node socket>'
}